----------------------------------------------------------------
Mon May 15 02:37:26 CET 2017:
Booting Derby version The Apache Software Foundation - Apache Derby - 10.10.1.1 - (1458268): instance a816c00e-015c-09c0-c001-000009695c40 
on database directory /home/vpc/.cache/mathcache/default/large-matrix with class loader sun.misc.Launcher$AppClassLoader@18b4aac2 
Loaded from file:/home/vpc/.m2/repository/org/apache/derby/derby/10.10.1.1/derby-10.10.1.1.jar
java.vendor=Oracle Corporation
java.runtime.version=1.8.0_112-b15
user.dir=/data/vpc/Data/xprojects/net/vpc/scholar/scholar-mw/tmwlib
os.name=Linux
os.arch=amd64
os.version=4.10.13-1-default
derby.system.home=null
Database Class Loader started - derby.database.classpath=''
Mon May 15 03:02:11 CET 2017 Thread[main,5,main] (XID = 7498), (SESSIONID = 1), (DATABASE = /home/vpc/.cache/mathcache/default/large-matrix), (DRDAID = null), Cleanup action starting
Mon May 15 03:02:11 CET 2017 Thread[main,5,main] (XID = 7498), (SESSIONID = 1), (DATABASE = /home/vpc/.cache/mathcache/default/large-matrix), (DRDAID = null), Failed Statement is: null with 4 parameters begin parameter #1: 3.943997160652836E-21 :end parameter begin parameter #2: 0.0 :end parameter begin parameter #3: 0 :end parameter begin parameter #4: 216998 :end parameter 
ERROR XSLAQ: Cannot create log file at directory /home/vpc/.cache/mathcache/default/large-matrix/log.
	at org.apache.derby.iapi.error.StandardException.newException(Unknown Source)
	at org.apache.derby.impl.store.raw.log.LogToFile.getLogDirectory(Unknown Source)
	at org.apache.derby.impl.store.raw.log.LogToFile.getLogFileName(Unknown Source)
	at org.apache.derby.impl.store.raw.log.LogToFile.switchLogFile(Unknown Source)
	at org.apache.derby.impl.store.raw.log.LogToFile.flush(Unknown Source)
	at org.apache.derby.impl.store.raw.log.LogToFile.flush(Unknown Source)
	at org.apache.derby.impl.store.raw.log.FileLogger.flush(Unknown Source)
	at org.apache.derby.impl.store.raw.xact.Xact.prepareCommit(Unknown Source)
	at org.apache.derby.impl.store.raw.xact.Xact.commit(Unknown Source)
	at org.apache.derby.impl.store.raw.xact.Xact.commit(Unknown Source)
	at org.apache.derby.impl.store.access.RAMTransaction.commit(Unknown Source)
	at org.apache.derby.impl.sql.conn.GenericLanguageConnectionContext.doCommit(Unknown Source)
	at org.apache.derby.impl.sql.conn.GenericLanguageConnectionContext.userCommit(Unknown Source)
	at org.apache.derby.impl.jdbc.TransactionResourceImpl.commit(Unknown Source)
	at org.apache.derby.impl.jdbc.EmbedConnection.commit(Unknown Source)
	at net.vpc.scholar.math.DBLargeMatrixFactory.dataUpdated(DBLargeMatrixFactory.java:429)
	at net.vpc.scholar.math.DBLargeMatrixFactory.set(DBLargeMatrixFactory.java:369)
	at net.vpc.scholar.math.LargeMatrix.set(LargeMatrix.java:73)
	at net.vpc.scholar.math.scalarproducts.MatrixScalarProductCache$5.invoke(MatrixScalarProductCache.java:231)
	at processess(LogAction.java:8)
	at processess(LogAction.java:6)
	at invokeMonitoredAction(Maths.java:3138)
	at net.vpc.scholar.math.scalarproducts.MatrixScalarProductCache.evaluate(MatrixScalarProductCache.java:213)
	at net.vpc.scholar.math.Maths.scalarProductCache(Maths.java:2999)
	at net.vpc.scholar.math.scalarproducts.ScalarProductOperator.process(ScalarProductOperator.java:74)
	at net.vpc.scholar.tmwlib.mom.MomStructure.createScalarProductCache(MomStructure.java:1634)
	at net.vpc.scholar.tmwlib.mom.FnGpScalarProductCacheStrCacheSupport.compute(FnGpScalarProductCacheStrCacheSupport.java:26)
	at net.vpc.scholar.tmwlib.mom.FnGpScalarProductCacheStrCacheSupport.compute(FnGpScalarProductCacheStrCacheSupport.java:12)
	at net.vpc.scholar.math.cache.CacheSupport$1$1.evaluate(CacheSupport.java:67)
	at net.vpc.scholar.math.cache.PersistenceCache$3.call(PersistenceCache.java:601)
	at net.vpc.scholar.math.util.FileSystemLock.invoke(FileSystemLock.java:108)
	at net.vpc.scholar.math.cache.PersistenceCache.evaluate(PersistenceCache.java:573)
	at net.vpc.scholar.math.cache.CacheSupport$1.process(CacheSupport.java:59)
	at invokeMonitoredAction(Maths.java:3138)
	at net.vpc.scholar.math.cache.CacheSupport.computeCached(CacheSupport.java:46)
	at net.vpc.scholar.tmwlib.mom.StrCacheSupport.get(StrCacheSupport.java:21)
	at net.vpc.scholar.tmwlib.mom.MomStructure.getTestModeScalarProducts(MomStructure.java:1194)
	at net.vpc.scholar.tmwlib.mom.str.momstr.CurrentSerialEvaluator$1.process(CurrentSerialEvaluator.java:30)
	at net.vpc.scholar.tmwlib.mom.str.momstr.CurrentSerialEvaluator$1.process(CurrentSerialEvaluator.java:26)
	at invokeMonitoredAction(Maths.java:3138)
	at net.vpc.scholar.tmwlib.mom.str.momstr.CurrentSerialEvaluator.evaluate(CurrentSerialEvaluator.java:26)
	at net.vpc.scholar.tmwlib.mom.DefaultCurrentBuilder$1.compute(DefaultCurrentBuilder.java:37)
	at net.vpc.scholar.tmwlib.mom.DefaultCurrentBuilder$1.compute(DefaultCurrentBuilder.java:33)
	at net.vpc.scholar.math.cache.CacheSupport$1$1.evaluate(CacheSupport.java:67)
	at net.vpc.scholar.math.cache.PersistenceCache$3.call(PersistenceCache.java:601)
	at net.vpc.scholar.math.util.FileSystemLock.invoke(FileSystemLock.java:108)
	at net.vpc.scholar.math.cache.PersistenceCache.evaluate(PersistenceCache.java:573)
	at net.vpc.scholar.math.cache.CacheSupport$1.process(CacheSupport.java:59)
	at invokeMonitoredAction(Maths.java:3138)
	at net.vpc.scholar.math.cache.CacheSupport.computeCached(CacheSupport.java:46)
	at net.vpc.scholar.math.cache.CacheSupport.computeCached(CacheSupport.java:42)
	at net.vpc.scholar.tmwlib.mom.StrSubCacheSupport.computeCached(StrSubCacheSupport.java:38)
	at net.vpc.scholar.tmwlib.mom.DefaultCurrentBuilder.computeVDiscreteImpl(DefaultCurrentBuilder.java:39)
	at net.vpc.scholar.tmwlib.builders.AbstractVDiscreteBuilder$1.process(AbstractVDiscreteBuilder.java:31)
	at net.vpc.scholar.tmwlib.builders.AbstractVDiscreteBuilder$1.process(AbstractVDiscreteBuilder.java:28)
	at invokeMonitoredAction(Maths.java:3138)
	at net.vpc.scholar.tmwlib.builders.AbstractVDiscreteBuilder.computeVDiscreteImplLog(AbstractVDiscreteBuilder.java:26)
	at net.vpc.scholar.tmwlib.builders.AbstractVDiscreteBuilder.computeXYMatrixImpl(AbstractVDiscreteBuilder.java:184)
	at net.vpc.scholar.tmwlib.builders.AbstractVDiscreteBuilder.computeMatrix(AbstractVDiscreteBuilder.java:136)
	at net.vpc.scholar.tmwlib.builders.AbstractVDiscreteBuilder.computeMatrix(AbstractVDiscreteBuilder.java:105)
	at net.vpc.scholar.hadruwaves.examples.TmwlibExampleTest.main(TmwlibExampleTest.java:53)

------------  Begin Shutdown Error Stack -------------

ERROR XSLAQ: Cannot create log file at directory /home/vpc/.cache/mathcache/default/large-matrix/log.
	at org.apache.derby.iapi.error.StandardException.newException(Unknown Source)
	at org.apache.derby.impl.store.raw.log.LogToFile.getLogDirectory(Unknown Source)
	at org.apache.derby.impl.store.raw.log.LogToFile.getLogFileName(Unknown Source)
	at org.apache.derby.impl.store.raw.log.LogToFile.switchLogFile(Unknown Source)
	at org.apache.derby.impl.store.raw.log.LogToFile.checkpointWithTran(Unknown Source)
	at org.apache.derby.impl.store.raw.log.LogToFile.checkpoint(Unknown Source)
	at org.apache.derby.impl.store.raw.RawStore.stop(Unknown Source)
	at org.apache.derby.impl.services.monitor.TopService.stop(Unknown Source)
	at org.apache.derby.impl.services.monitor.TopService.shutdown(Unknown Source)
	at org.apache.derby.impl.services.monitor.BaseMonitor.shutdown(Unknown Source)
	at org.apache.derby.impl.db.DatabaseContextImpl.cleanupOnError(Unknown Source)
	at org.apache.derby.iapi.services.context.ContextManager.cleanupOnError(Unknown Source)
	at org.apache.derby.impl.jdbc.TransactionResourceImpl.cleanupOnError(Unknown Source)
	at org.apache.derby.impl.jdbc.TransactionResourceImpl.handleException(Unknown Source)
	at org.apache.derby.impl.jdbc.EmbedConnection.handleException(Unknown Source)
	at org.apache.derby.impl.jdbc.EmbedConnection.commit(Unknown Source)
	at net.vpc.scholar.math.DBLargeMatrixFactory.dataUpdated(DBLargeMatrixFactory.java:429)
	at net.vpc.scholar.math.DBLargeMatrixFactory.set(DBLargeMatrixFactory.java:369)
	at net.vpc.scholar.math.LargeMatrix.set(LargeMatrix.java:73)
	at net.vpc.scholar.math.scalarproducts.MatrixScalarProductCache$5.invoke(MatrixScalarProductCache.java:231)
	at processess(LogAction.java:8)
	at processess(LogAction.java:6)
	at invokeMonitoredAction(Maths.java:3138)
	at net.vpc.scholar.math.scalarproducts.MatrixScalarProductCache.evaluate(MatrixScalarProductCache.java:213)
	at net.vpc.scholar.math.Maths.scalarProductCache(Maths.java:2999)
	at net.vpc.scholar.math.scalarproducts.ScalarProductOperator.process(ScalarProductOperator.java:74)
	at net.vpc.scholar.tmwlib.mom.MomStructure.createScalarProductCache(MomStructure.java:1634)
	at net.vpc.scholar.tmwlib.mom.FnGpScalarProductCacheStrCacheSupport.compute(FnGpScalarProductCacheStrCacheSupport.java:26)
	at net.vpc.scholar.tmwlib.mom.FnGpScalarProductCacheStrCacheSupport.compute(FnGpScalarProductCacheStrCacheSupport.java:12)
	at net.vpc.scholar.math.cache.CacheSupport$1$1.evaluate(CacheSupport.java:67)
	at net.vpc.scholar.math.cache.PersistenceCache$3.call(PersistenceCache.java:601)
	at net.vpc.scholar.math.util.FileSystemLock.invoke(FileSystemLock.java:108)
	at net.vpc.scholar.math.cache.PersistenceCache.evaluate(PersistenceCache.java:573)
	at net.vpc.scholar.math.cache.CacheSupport$1.process(CacheSupport.java:59)
	at invokeMonitoredAction(Maths.java:3138)
	at net.vpc.scholar.math.cache.CacheSupport.computeCached(CacheSupport.java:46)
	at net.vpc.scholar.tmwlib.mom.StrCacheSupport.get(StrCacheSupport.java:21)
	at net.vpc.scholar.tmwlib.mom.MomStructure.getTestModeScalarProducts(MomStructure.java:1194)
	at net.vpc.scholar.tmwlib.mom.str.momstr.CurrentSerialEvaluator$1.process(CurrentSerialEvaluator.java:30)
	at net.vpc.scholar.tmwlib.mom.str.momstr.CurrentSerialEvaluator$1.process(CurrentSerialEvaluator.java:26)
	at invokeMonitoredAction(Maths.java:3138)
	at net.vpc.scholar.tmwlib.mom.str.momstr.CurrentSerialEvaluator.evaluate(CurrentSerialEvaluator.java:26)
	at net.vpc.scholar.tmwlib.mom.DefaultCurrentBuilder$1.compute(DefaultCurrentBuilder.java:37)
	at net.vpc.scholar.tmwlib.mom.DefaultCurrentBuilder$1.compute(DefaultCurrentBuilder.java:33)
	at net.vpc.scholar.math.cache.CacheSupport$1$1.evaluate(CacheSupport.java:67)
	at net.vpc.scholar.math.cache.PersistenceCache$3.call(PersistenceCache.java:601)
	at net.vpc.scholar.math.util.FileSystemLock.invoke(FileSystemLock.java:108)
	at net.vpc.scholar.math.cache.PersistenceCache.evaluate(PersistenceCache.java:573)
	at net.vpc.scholar.math.cache.CacheSupport$1.process(CacheSupport.java:59)
	at invokeMonitoredAction(Maths.java:3138)
	at net.vpc.scholar.math.cache.CacheSupport.computeCached(CacheSupport.java:46)
	at net.vpc.scholar.math.cache.CacheSupport.computeCached(CacheSupport.java:42)
	at net.vpc.scholar.tmwlib.mom.StrSubCacheSupport.computeCached(StrSubCacheSupport.java:38)
	at net.vpc.scholar.tmwlib.mom.DefaultCurrentBuilder.computeVDiscreteImpl(DefaultCurrentBuilder.java:39)
	at net.vpc.scholar.tmwlib.builders.AbstractVDiscreteBuilder$1.process(AbstractVDiscreteBuilder.java:31)
	at net.vpc.scholar.tmwlib.builders.AbstractVDiscreteBuilder$1.process(AbstractVDiscreteBuilder.java:28)
	at invokeMonitoredAction(Maths.java:3138)
	at net.vpc.scholar.tmwlib.builders.AbstractVDiscreteBuilder.computeVDiscreteImplLog(AbstractVDiscreteBuilder.java:26)
	at net.vpc.scholar.tmwlib.builders.AbstractVDiscreteBuilder.computeXYMatrixImpl(AbstractVDiscreteBuilder.java:184)
	at net.vpc.scholar.tmwlib.builders.AbstractVDiscreteBuilder.computeMatrix(AbstractVDiscreteBuilder.java:136)
	at net.vpc.scholar.tmwlib.builders.AbstractVDiscreteBuilder.computeMatrix(AbstractVDiscreteBuilder.java:105)
	at net.vpc.scholar.hadruwaves.examples.TmwlibExampleTest.main(TmwlibExampleTest.java:53)


------------  End Shutdown Error Stack -------------


------------  Begin Shutdown Error Stack -------------

ERROR XSLAQ: Cannot create log file at directory /home/vpc/.cache/mathcache/default/large-matrix/log.
	at org.apache.derby.iapi.error.StandardException.newException(Unknown Source)
	at org.apache.derby.impl.store.raw.log.LogToFile.getLogDirectory(Unknown Source)
	at org.apache.derby.impl.store.raw.log.LogToFile.getLogFileName(Unknown Source)
	at org.apache.derby.impl.store.raw.log.LogToFile.switchLogFile(Unknown Source)
	at org.apache.derby.impl.store.raw.log.LogToFile.checkpointWithTran(Unknown Source)
	at org.apache.derby.impl.store.raw.log.LogToFile.checkpoint(Unknown Source)
	at org.apache.derby.impl.store.raw.RawStore.stop(Unknown Source)
	at org.apache.derby.impl.services.monitor.TopService.stop(Unknown Source)
	at org.apache.derby.impl.services.monitor.TopService.shutdown(Unknown Source)
	at org.apache.derby.impl.services.monitor.BaseMonitor.shutdown(Unknown Source)
	at org.apache.derby.impl.db.DatabaseContextImpl.cleanupOnError(Unknown Source)
	at org.apache.derby.iapi.services.context.ContextManager.cleanupOnError(Unknown Source)
	at org.apache.derby.impl.jdbc.TransactionResourceImpl.cleanupOnError(Unknown Source)
	at org.apache.derby.impl.jdbc.TransactionResourceImpl.handleException(Unknown Source)
	at org.apache.derby.impl.jdbc.EmbedConnection.handleException(Unknown Source)
	at org.apache.derby.impl.jdbc.EmbedConnection.commit(Unknown Source)
	at net.vpc.scholar.math.DBLargeMatrixFactory.dataUpdated(DBLargeMatrixFactory.java:429)
	at net.vpc.scholar.math.DBLargeMatrixFactory.set(DBLargeMatrixFactory.java:369)
	at net.vpc.scholar.math.LargeMatrix.set(LargeMatrix.java:73)
	at net.vpc.scholar.math.scalarproducts.MatrixScalarProductCache$5.invoke(MatrixScalarProductCache.java:231)
	at processess(LogAction.java:8)
	at processess(LogAction.java:6)
	at invokeMonitoredAction(Maths.java:3138)
	at net.vpc.scholar.math.scalarproducts.MatrixScalarProductCache.evaluate(MatrixScalarProductCache.java:213)
	at net.vpc.scholar.math.Maths.scalarProductCache(Maths.java:2999)
	at net.vpc.scholar.math.scalarproducts.ScalarProductOperator.process(ScalarProductOperator.java:74)
	at net.vpc.scholar.tmwlib.mom.MomStructure.createScalarProductCache(MomStructure.java:1634)
	at net.vpc.scholar.tmwlib.mom.FnGpScalarProductCacheStrCacheSupport.compute(FnGpScalarProductCacheStrCacheSupport.java:26)
	at net.vpc.scholar.tmwlib.mom.FnGpScalarProductCacheStrCacheSupport.compute(FnGpScalarProductCacheStrCacheSupport.java:12)
	at net.vpc.scholar.math.cache.CacheSupport$1$1.evaluate(CacheSupport.java:67)
	at net.vpc.scholar.math.cache.PersistenceCache$3.call(PersistenceCache.java:601)
	at net.vpc.scholar.math.util.FileSystemLock.invoke(FileSystemLock.java:108)
	at net.vpc.scholar.math.cache.PersistenceCache.evaluate(PersistenceCache.java:573)
	at net.vpc.scholar.math.cache.CacheSupport$1.process(CacheSupport.java:59)
	at invokeMonitoredAction(Maths.java:3138)
	at net.vpc.scholar.math.cache.CacheSupport.computeCached(CacheSupport.java:46)
	at net.vpc.scholar.tmwlib.mom.StrCacheSupport.get(StrCacheSupport.java:21)
	at net.vpc.scholar.tmwlib.mom.MomStructure.getTestModeScalarProducts(MomStructure.java:1194)
	at net.vpc.scholar.tmwlib.mom.str.momstr.CurrentSerialEvaluator$1.process(CurrentSerialEvaluator.java:30)
	at net.vpc.scholar.tmwlib.mom.str.momstr.CurrentSerialEvaluator$1.process(CurrentSerialEvaluator.java:26)
	at invokeMonitoredAction(Maths.java:3138)
	at net.vpc.scholar.tmwlib.mom.str.momstr.CurrentSerialEvaluator.evaluate(CurrentSerialEvaluator.java:26)
	at net.vpc.scholar.tmwlib.mom.DefaultCurrentBuilder$1.compute(DefaultCurrentBuilder.java:37)
	at net.vpc.scholar.tmwlib.mom.DefaultCurrentBuilder$1.compute(DefaultCurrentBuilder.java:33)
	at net.vpc.scholar.math.cache.CacheSupport$1$1.evaluate(CacheSupport.java:67)
	at net.vpc.scholar.math.cache.PersistenceCache$3.call(PersistenceCache.java:601)
	at net.vpc.scholar.math.util.FileSystemLock.invoke(FileSystemLock.java:108)
	at net.vpc.scholar.math.cache.PersistenceCache.evaluate(PersistenceCache.java:573)
	at net.vpc.scholar.math.cache.CacheSupport$1.process(CacheSupport.java:59)
	at invokeMonitoredAction(Maths.java:3138)
	at net.vpc.scholar.math.cache.CacheSupport.computeCached(CacheSupport.java:46)
	at net.vpc.scholar.math.cache.CacheSupport.computeCached(CacheSupport.java:42)
	at net.vpc.scholar.tmwlib.mom.StrSubCacheSupport.computeCached(StrSubCacheSupport.java:38)
	at net.vpc.scholar.tmwlib.mom.DefaultCurrentBuilder.computeVDiscreteImpl(DefaultCurrentBuilder.java:39)
	at net.vpc.scholar.tmwlib.builders.AbstractVDiscreteBuilder$1.process(AbstractVDiscreteBuilder.java:31)
	at net.vpc.scholar.tmwlib.builders.AbstractVDiscreteBuilder$1.process(AbstractVDiscreteBuilder.java:28)
	at invokeMonitoredAction(Maths.java:3138)
	at net.vpc.scholar.tmwlib.builders.AbstractVDiscreteBuilder.computeVDiscreteImplLog(AbstractVDiscreteBuilder.java:26)
	at net.vpc.scholar.tmwlib.builders.AbstractVDiscreteBuilder.computeXYMatrixImpl(AbstractVDiscreteBuilder.java:184)
	at net.vpc.scholar.tmwlib.builders.AbstractVDiscreteBuilder.computeMatrix(AbstractVDiscreteBuilder.java:136)
	at net.vpc.scholar.tmwlib.builders.AbstractVDiscreteBuilder.computeMatrix(AbstractVDiscreteBuilder.java:105)
	at net.vpc.scholar.hadruwaves.examples.TmwlibExampleTest.main(TmwlibExampleTest.java:53)


------------  End Shutdown Error Stack -------------


------------  Begin Shutdown Error Stack -------------

ERROR XSLAQ: Cannot create log file at directory /home/vpc/.cache/mathcache/default/large-matrix/log.
	at org.apache.derby.iapi.error.StandardException.newException(Unknown Source)
	at org.apache.derby.impl.store.raw.log.LogToFile.getLogDirectory(Unknown Source)
	at org.apache.derby.impl.store.raw.log.LogToFile.getLogFileName(Unknown Source)
	at org.apache.derby.impl.store.raw.log.LogToFile.switchLogFile(Unknown Source)
	at org.apache.derby.impl.store.raw.log.LogToFile.checkpointWithTran(Unknown Source)
	at org.apache.derby.impl.store.raw.log.LogToFile.checkpoint(Unknown Source)
	at org.apache.derby.impl.store.raw.RawStore.stop(Unknown Source)
	at org.apache.derby.impl.services.monitor.TopService.stop(Unknown Source)
	at org.apache.derby.impl.services.monitor.TopService.shutdown(Unknown Source)
	at org.apache.derby.impl.services.monitor.BaseMonitor.shutdown(Unknown Source)
	at org.apache.derby.impl.db.DatabaseContextImpl.cleanupOnError(Unknown Source)
	at org.apache.derby.iapi.services.context.ContextManager.cleanupOnError(Unknown Source)
	at org.apache.derby.impl.jdbc.TransactionResourceImpl.cleanupOnError(Unknown Source)
	at org.apache.derby.impl.jdbc.TransactionResourceImpl.handleException(Unknown Source)
	at org.apache.derby.impl.jdbc.EmbedConnection.handleException(Unknown Source)
	at org.apache.derby.impl.jdbc.EmbedConnection.commit(Unknown Source)
	at net.vpc.scholar.math.DBLargeMatrixFactory.dataUpdated(DBLargeMatrixFactory.java:429)
	at net.vpc.scholar.math.DBLargeMatrixFactory.set(DBLargeMatrixFactory.java:369)
	at net.vpc.scholar.math.LargeMatrix.set(LargeMatrix.java:73)
	at net.vpc.scholar.math.scalarproducts.MatrixScalarProductCache$5.invoke(MatrixScalarProductCache.java:231)
	at processess(LogAction.java:8)
	at processess(LogAction.java:6)
	at invokeMonitoredAction(Maths.java:3138)
	at net.vpc.scholar.math.scalarproducts.MatrixScalarProductCache.evaluate(MatrixScalarProductCache.java:213)
	at net.vpc.scholar.math.Maths.scalarProductCache(Maths.java:2999)
	at net.vpc.scholar.math.scalarproducts.ScalarProductOperator.process(ScalarProductOperator.java:74)
	at net.vpc.scholar.tmwlib.mom.MomStructure.createScalarProductCache(MomStructure.java:1634)
	at net.vpc.scholar.tmwlib.mom.FnGpScalarProductCacheStrCacheSupport.compute(FnGpScalarProductCacheStrCacheSupport.java:26)
	at net.vpc.scholar.tmwlib.mom.FnGpScalarProductCacheStrCacheSupport.compute(FnGpScalarProductCacheStrCacheSupport.java:12)
	at net.vpc.scholar.math.cache.CacheSupport$1$1.evaluate(CacheSupport.java:67)
	at net.vpc.scholar.math.cache.PersistenceCache$3.call(PersistenceCache.java:601)
	at net.vpc.scholar.math.util.FileSystemLock.invoke(FileSystemLock.java:108)
	at net.vpc.scholar.math.cache.PersistenceCache.evaluate(PersistenceCache.java:573)
	at net.vpc.scholar.math.cache.CacheSupport$1.process(CacheSupport.java:59)
	at invokeMonitoredAction(Maths.java:3138)
	at net.vpc.scholar.math.cache.CacheSupport.computeCached(CacheSupport.java:46)
	at net.vpc.scholar.tmwlib.mom.StrCacheSupport.get(StrCacheSupport.java:21)
	at net.vpc.scholar.tmwlib.mom.MomStructure.getTestModeScalarProducts(MomStructure.java:1194)
	at net.vpc.scholar.tmwlib.mom.str.momstr.CurrentSerialEvaluator$1.process(CurrentSerialEvaluator.java:30)
	at net.vpc.scholar.tmwlib.mom.str.momstr.CurrentSerialEvaluator$1.process(CurrentSerialEvaluator.java:26)
	at invokeMonitoredAction(Maths.java:3138)
	at net.vpc.scholar.tmwlib.mom.str.momstr.CurrentSerialEvaluator.evaluate(CurrentSerialEvaluator.java:26)
	at net.vpc.scholar.tmwlib.mom.DefaultCurrentBuilder$1.compute(DefaultCurrentBuilder.java:37)
	at net.vpc.scholar.tmwlib.mom.DefaultCurrentBuilder$1.compute(DefaultCurrentBuilder.java:33)
	at net.vpc.scholar.math.cache.CacheSupport$1$1.evaluate(CacheSupport.java:67)
	at net.vpc.scholar.math.cache.PersistenceCache$3.call(PersistenceCache.java:601)
	at net.vpc.scholar.math.util.FileSystemLock.invoke(FileSystemLock.java:108)
	at net.vpc.scholar.math.cache.PersistenceCache.evaluate(PersistenceCache.java:573)
	at net.vpc.scholar.math.cache.CacheSupport$1.process(CacheSupport.java:59)
	at invokeMonitoredAction(Maths.java:3138)
	at net.vpc.scholar.math.cache.CacheSupport.computeCached(CacheSupport.java:46)
	at net.vpc.scholar.math.cache.CacheSupport.computeCached(CacheSupport.java:42)
	at net.vpc.scholar.tmwlib.mom.StrSubCacheSupport.computeCached(StrSubCacheSupport.java:38)
	at net.vpc.scholar.tmwlib.mom.DefaultCurrentBuilder.computeVDiscreteImpl(DefaultCurrentBuilder.java:39)
	at net.vpc.scholar.tmwlib.builders.AbstractVDiscreteBuilder$1.process(AbstractVDiscreteBuilder.java:31)
	at net.vpc.scholar.tmwlib.builders.AbstractVDiscreteBuilder$1.process(AbstractVDiscreteBuilder.java:28)
	at invokeMonitoredAction(Maths.java:3138)
	at net.vpc.scholar.tmwlib.builders.AbstractVDiscreteBuilder.computeVDiscreteImplLog(AbstractVDiscreteBuilder.java:26)
	at net.vpc.scholar.tmwlib.builders.AbstractVDiscreteBuilder.computeXYMatrixImpl(AbstractVDiscreteBuilder.java:184)
	at net.vpc.scholar.tmwlib.builders.AbstractVDiscreteBuilder.computeMatrix(AbstractVDiscreteBuilder.java:136)
	at net.vpc.scholar.tmwlib.builders.AbstractVDiscreteBuilder.computeMatrix(AbstractVDiscreteBuilder.java:105)
	at net.vpc.scholar.hadruwaves.examples.TmwlibExampleTest.main(TmwlibExampleTest.java:53)


------------  End Shutdown Error Stack -------------

----------------------------------------------------------------
Mon May 15 03:02:11 CET 2017:
Shutting down instance a816c00e-015c-09c0-c001-000009695c40 on database directory /home/vpc/.cache/mathcache/default/large-matrix with class loader sun.misc.Launcher$AppClassLoader@18b4aac2 
Cleanup action completed
